<?xml version="1.0" encoding="UTF-8"?>
<!-- Generated by org.testng.reporters.JUnitReportReporter -->
<testsuite skipped="0" hostname="USC-W-2406ST2" name="screen1.core" tests="1" failures="0" timestamp="24 Jun 2019 17:23:17 GMT" time="6.550" errors="0">
  <testcase name="setUp" time="6.550" classname="screen1.core"/>
</testsuite> <!-- screen1.core -->
